<?xml version="1.0" encoding="UTF-8"?>
<!-- Generated by org.testng.reporters.JUnitXMLReporter -->
<testsuite ignored="0" hostname="Anik" failures="0" tests="6" name="Command line test" time="19.039" errors="0" timestamp="04 Dec. 2019 11:32:03 GMT">
  <testcase classname="testCase.HybridTestCaseTest" name="ApplicationUnderTest" time="0.187"/>
  <testcase classname="testCase.HybridTestCaseTest" name="ApplicationUnderTest" time="0.112"/>
  <testcase classname="testCase.HybridTestCaseTest" name="ApplicationUnderTest" time="0.089"/>
  <testcase classname="testCase.HybridTestCaseTest" name="ApplicationUnderTest" time="4.001"/>
  <testcase classname="testCase.HybridTestCaseTest" name="ApplicationUnderTest" time="0.021"/>
  <testcase classname="testCase.HybridTestCaseTest" name="ApplicationUnderTest" time="0.409"/>
</testsuite> <!-- Command line test -->
