<?xml version="1.0" encoding="UTF-8"?>
<testng-results ignored="0" total="6" passed="6" failed="0" skipped="0">
  <reporter-output>
  </reporter-output>
  <suite started-at="2019-12-04T11:31:44Z" name="testCase.HybridTestCaseTest" finished-at="2019-12-04T11:32:03Z" duration-ms="19039">
    <groups>
    </groups>
    <test started-at="2019-12-04T11:31:44Z" name="Command line test" finished-at="2019-12-04T11:32:03Z" duration-ms="19039">
      <class name="testCase.HybridTestCaseTest">
        <test-method is-config="true" signature="setup()[pri:0, instance:testCase.HybridTestCaseTest@7722c3c3]" started-at="2019-12-04T11:31:44Z" name="setup" finished-at="2019-12-04T11:31:58Z" duration-ms="13240" status="PASS">
          <reporter-output>
          </reporter-output>
        </test-method> <!-- setup -->
        <test-method signature="ApplicationUnderTest(java.lang.String, java.lang.String, java.lang.String, java.lang.String, java.lang.String, java.lang.String)[pri:0, instance:testCase.HybridTestCaseTest@7722c3c3]" started-at="2019-12-04T11:31:59Z" name="ApplicationUnderTest" data-provider="hybridData" finished-at="2019-12-04T11:31:59Z" duration-ms="187" status="PASS">
          <params>
            <param index="0">
              <value>
                <![CDATA[TC_001]]>
              </value>
            </param>
            <param index="1">
              <value>
                <![CDATA[Our WebSite Test]]>
              </value>
            </param>
            <param index="2">
              <value>
                <![CDATA[GOTOURL]]>
              </value>
            </param>
            <param index="3">
              <value>
                <![CDATA[]]>
              </value>
            </param>
            <param index="4">
              <value>
                <![CDATA[]]>
              </value>
            </param>
            <param index="5">
              <value>
                <![CDATA[url]]>
              </value>
            </param>
          </params>
          <reporter-output>
          </reporter-output>
        </test-method> <!-- ApplicationUnderTest -->
        <test-method signature="ApplicationUnderTest(java.lang.String, java.lang.String, java.lang.String, java.lang.String, java.lang.String, java.lang.String)[pri:0, instance:testCase.HybridTestCaseTest@7722c3c3]" started-at="2019-12-04T11:31:59Z" name="ApplicationUnderTest" data-provider="hybridData" finished-at="2019-12-04T11:31:59Z" duration-ms="112" status="PASS">
          <params>
            <param index="0">
              <value>
                <![CDATA[]]>
              </value>
            </param>
            <param index="1">
              <value>
                <![CDATA[]]>
              </value>
            </param>
            <param index="2">
              <value>
                <![CDATA[SENDKEYS]]>
              </value>
            </param>
            <param index="3">
              <value>
                <![CDATA[Fname]]>
              </value>
            </param>
            <param index="4">
              <value>
                <![CDATA[ID]]>
              </value>
            </param>
            <param index="5">
              <value>
                <![CDATA[Nehal]]>
              </value>
            </param>
          </params>
          <reporter-output>
          </reporter-output>
        </test-method> <!-- ApplicationUnderTest -->
        <test-method signature="ApplicationUnderTest(java.lang.String, java.lang.String, java.lang.String, java.lang.String, java.lang.String, java.lang.String)[pri:0, instance:testCase.HybridTestCaseTest@7722c3c3]" started-at="2019-12-04T11:31:59Z" name="ApplicationUnderTest" data-provider="hybridData" finished-at="2019-12-04T11:31:59Z" duration-ms="89" status="PASS">
          <params>
            <param index="0">
              <value>
                <![CDATA[]]>
              </value>
            </param>
            <param index="1">
              <value>
                <![CDATA[]]>
              </value>
            </param>
            <param index="2">
              <value>
                <![CDATA[SENDKEYS]]>
              </value>
            </param>
            <param index="3">
              <value>
                <![CDATA[Lname]]>
              </value>
            </param>
            <param index="4">
              <value>
                <![CDATA[XPATH]]>
              </value>
            </param>
            <param index="5">
              <value>
                <![CDATA[Hasnain]]>
              </value>
            </param>
          </params>
          <reporter-output>
          </reporter-output>
        </test-method> <!-- ApplicationUnderTest -->
        <test-method signature="ApplicationUnderTest(java.lang.String, java.lang.String, java.lang.String, java.lang.String, java.lang.String, java.lang.String)[pri:0, instance:testCase.HybridTestCaseTest@7722c3c3]" started-at="2019-12-04T11:31:59Z" name="ApplicationUnderTest" data-provider="hybridData" finished-at="2019-12-04T11:32:03Z" duration-ms="4001" status="PASS">
          <params>
            <param index="0">
              <value>
                <![CDATA[]]>
              </value>
            </param>
            <param index="1">
              <value>
                <![CDATA[]]>
              </value>
            </param>
            <param index="2">
              <value>
                <![CDATA[THREAD]]>
              </value>
            </param>
            <param index="3">
              <value>
                <![CDATA[]]>
              </value>
            </param>
            <param index="4">
              <value>
                <![CDATA[]]>
              </value>
            </param>
            <param index="5">
              <value>
                <![CDATA[]]>
              </value>
            </param>
          </params>
          <reporter-output>
          </reporter-output>
        </test-method> <!-- ApplicationUnderTest -->
        <test-method signature="ApplicationUnderTest(java.lang.String, java.lang.String, java.lang.String, java.lang.String, java.lang.String, java.lang.String)[pri:0, instance:testCase.HybridTestCaseTest@7722c3c3]" started-at="2019-12-04T11:32:03Z" name="ApplicationUnderTest" data-provider="hybridData" finished-at="2019-12-04T11:32:03Z" duration-ms="21" status="PASS">
          <params>
            <param index="0">
              <value>
                <![CDATA[]]>
              </value>
            </param>
            <param index="1">
              <value>
                <![CDATA[]]>
              </value>
            </param>
            <param index="2">
              <value>
                <![CDATA[HIGHLIGHT]]>
              </value>
            </param>
            <param index="3">
              <value>
                <![CDATA[Hlight]]>
              </value>
            </param>
            <param index="4">
              <value>
                <![CDATA[ID]]>
              </value>
            </param>
            <param index="5">
              <value>
                <![CDATA[]]>
              </value>
            </param>
          </params>
          <reporter-output>
          </reporter-output>
        </test-method> <!-- ApplicationUnderTest -->
        <test-method signature="ApplicationUnderTest(java.lang.String, java.lang.String, java.lang.String, java.lang.String, java.lang.String, java.lang.String)[pri:0, instance:testCase.HybridTestCaseTest@7722c3c3]" started-at="2019-12-04T11:32:03Z" name="ApplicationUnderTest" data-provider="hybridData" finished-at="2019-12-04T11:32:03Z" duration-ms="409" status="PASS">
          <params>
            <param index="0">
              <value>
                <![CDATA[]]>
              </value>
            </param>
            <param index="1">
              <value>
                <![CDATA[]]>
              </value>
            </param>
            <param index="2">
              <value>
                <![CDATA[SCREENSHOT]]>
              </value>
            </param>
            <param index="3">
              <value>
                <![CDATA[]]>
              </value>
            </param>
            <param index="4">
              <value>
                <![CDATA[]]>
              </value>
            </param>
            <param index="5">
              <value>
                <![CDATA[]]>
              </value>
            </param>
          </params>
          <reporter-output>
          </reporter-output>
        </test-method> <!-- ApplicationUnderTest -->
      </class> <!-- testCase.HybridTestCaseTest -->
    </test> <!-- Command line test -->
  </suite> <!-- testCase.HybridTestCaseTest -->
</testng-results>
